[ 05/07/2022 14:22:13 ]: The number of users found on LDAP: 3 
[ 05/07/2022 14:22:13 ]: List of users retrieved from the ldap server [['eme01', 'essaid', 'meghellet'], ['nch01', 'nathan', 'cheval'], ['obr01', 'oussama', 'brich']] 
[ 05/07/2022 14:22:14 ]: Users retrieved from the OCFORINVOICES database [['nathan304564', 'Nathan', 'Cheval'], ['nathan304563', 'Nathan', 'Cheval'], ['test123', 'test', '123'], ['admin', 'Super', 'admin'], ['a', 'b', 'c'], ['nathan3041111', 'Nathan', 'Cheval'], ['nathan304111', 'Nathan', 'Cheval'], ['test123456789', 'Nathan', 'CHEVAL'], ['test1234test1234', 'test1234test1234', 'test1234test1234'], ['nathan30411', 'Nathana', 'Cheval'], ['nathan30', 'Nathan', 'Daniel'], ['nathan30456', 'Nathan', 'Cheval'], ['nathan304562', 'Nathan', 'Cheval'], ['nathan304561', 'Nathan', 'Cheval'], ['bbaba', 'bbabaaaa', 'zba'], ['bbbbbbbbbb', 'bbbbbbbbbbbbbbb', 'bbbbb'], ['aaaaaaaa', 'testetests', 'testestestestes'], ['bbababa', 'dazdzadza', 'dzadazdza'], ['aaaaaaaalplp', 'lplp', 'lp'], ['nathan3041', 'Nathan', 'Cheval'], ['nathan304', 'Nathan', 'Daniela'], ['ccccc', 'cccaaa', 'cccc'], ['test1234', 'Nathan ', 'CHEVAL'], ['739501229', 'Nathan', 'CHEVAL'], ['testba', 'abca', 'bd']] 
[ 05/07/2022 14:22:14 ]: Users retrieved from the  LDAP [['eme01', 'essaid', 'meghellet'], ['nch01', 'nathan', 'cheval'], ['obr01', 'oussama', 'brich']] 
[ 05/07/2022 14:22:14 ]: Start of synchronization program 
[ 05/07/2022 14:22:14 ]: user status is disabled :nathan304564 
[ 05/07/2022 14:22:14 ]: user status is disabled :nathan304563 
[ 05/07/2022 14:22:14 ]: user status is disabled :test123 
[ 05/07/2022 14:22:14 ]: user status is disabled :admin 
[ 05/07/2022 14:22:14 ]: user status is disabled :a 
[ 05/07/2022 14:22:14 ]: user status is disabled :nathan3041111 
[ 05/07/2022 14:22:14 ]: user status is disabled :nathan304111 
[ 05/07/2022 14:22:14 ]: user status is disabled :test123456789 
[ 05/07/2022 14:22:14 ]: user status is disabled :test1234test1234 
[ 05/07/2022 14:22:14 ]: user status is disabled :nathan30411 
[ 05/07/2022 14:22:14 ]: user status is disabled :nathan30 
[ 05/07/2022 14:22:14 ]: user status is disabled :nathan30456 
[ 05/07/2022 14:22:14 ]: user status is disabled :nathan304562 
[ 05/07/2022 14:22:14 ]: user status is disabled :nathan304561 
[ 05/07/2022 14:22:14 ]: user status is disabled :bbaba 
[ 05/07/2022 14:22:14 ]: user status is disabled :bbbbbbbbbb 
[ 05/07/2022 14:22:14 ]: user status is disabled :aaaaaaaa 
[ 05/07/2022 14:22:14 ]: user status is disabled :bbababa 
[ 05/07/2022 14:22:14 ]: user status is disabled :aaaaaaaalplp 
[ 05/07/2022 14:22:14 ]: user status is disabled :nathan3041 
[ 05/07/2022 14:22:14 ]: user status is disabled :nathan304 
[ 05/07/2022 14:22:14 ]: user status is disabled :ccccc 
[ 05/07/2022 14:22:14 ]: user status is disabled :test1234 
[ 05/07/2022 14:22:14 ]: user status is disabled :739501229 
[ 05/07/2022 14:22:14 ]: user status is disabled :testba 
[ 05/07/2022 14:22:14 ]: User eme01 successfully inserted in the users table 
[ 05/07/2022 14:22:14 ]: User nch01 successfully inserted in the users table 
[ 05/07/2022 14:22:14 ]: User obr01 successfully inserted in the users table 
[ 05/07/2022 14:22:14 ]: Result of synchronization operation: {'create_users': 3, 'disabled_users': 25, 'update_users': 0} 
